<?xml version="1.0" encoding="UTF-8"?>
<testsuite xmlns:xsi="http://www.w3.org/2001/XMLSchema-instance" xsi:noNamespaceSchemaLocation="https://maven.apache.org/surefire/maven-surefire-plugin/xsd/surefire-test-report.xsd" version="3.0.2" name="com.turggut.sms.unit.SecurityUtilsTest" time="0.012" tests="2" errors="0" skipped="0" failures="0">
  <properties>
[...]
</properties>
  <testcase name="noAuthenticationYieldsAnonymous" classname="com.turggut.sms.unit.SecurityUtilsTest" time="0.008"/>
  <testcase name="authenticatedPrincipalIsResolved" classname="com.turggut.sms.unit.SecurityUtilsTest" time="0.002"/>
</testsuite>