<?xml version="1.0" encoding="UTF-8"?>
<testsuite xmlns:xsi="http://www.w3.org/2001/XMLSchema-instance" xsi:noNamespaceSchemaLocation="https://maven.apache.org/surefire/maven-surefire-plugin/xsd/surefire-test-report.xsd" version="3.0.2" name="com.turggut.sms.integration.StudentIntegrationTest" time="2.249" tests="10" errors="0" skipped="0" failures="0">
  <properties>
[...]
</properties>
  <testcase name="invalidPayloadReturns400" classname="com.turggut.sms.integration.StudentIntegrationTest" time="0.014">
    <system-out><![CDATA[2026-06-02 15:26:04.552 [main] INFO  [] [anon] o.s.t.c.s.AnnotationConfigContextLoaderUtils - Could not detect default configuration classes for test class [com.turggut.sms.integration.StudentIntegrationTest]: StudentIntegrationTest does not declare any static, non-private, non-final, nested classes annotated with @Configuration.
2026-06-02 15:26:04.555 [main] INFO  [] [anon] o.s.b.t.c.SpringBootTestContextBootstrapper - Found @SpringBootConfiguration com.turggut.sms.SmsApplication for test class com.turggut.sms.integration.StudentIntegrationTest
]]></system-out>
  </testcase>
  <testcase name="createGetUpdateDeleteFlow" classname="com.turggut.sms.integration.StudentIntegrationTest" time="0.322">
    <system-out><![CDATA[2026-06-02 15:26:04.863 [main] INFO  [f721e192-9e62-4cf5-a2dd-368b9dc592f3] [admin] c.t.s.r.service.AuditLogService - AUDIT action=STUDENT_CREATE entity=Student:27 actor=admin status=SUCCESS
2026-06-02 15:26:04.877 [main] INFO  [9e850318-4a59-4ccc-9b7b-91ee5252a49a] [admin] c.t.s.r.service.AuditLogService - AUDIT action=STUDENT_UPDATE entity=Student:27 actor=admin status=SUCCESS
2026-06-02 15:26:04.886 [main] INFO  [6f5e8523-bba6-4baf-8c30-79c0d2c7f900] [admin] c.t.s.r.service.AuditLogService - AUDIT action=STUDENT_DELETE entity=Student:27 actor=admin status=SUCCESS
]]></system-out>
  </testcase>
  <testcase name="duplicateStudentNumberConflicts" classname="com.turggut.sms.integration.StudentIntegrationTest" time="0.264">
    <system-out><![CDATA[2026-06-02 15:26:05.151 [main] INFO  [775e59a1-db08-4199-acb7-2c86bf2eab21] [admin] c.t.s.r.service.AuditLogService - AUDIT action=STUDENT_CREATE entity=Student:28 actor=admin status=SUCCESS
]]></system-out>
  </testcase>
  <testcase name="getMissingStudentReturns404" classname="com.turggut.sms.integration.StudentIntegrationTest" time="0.009"/>
  <testcase name="anonymousIsUnauthorized" classname="com.turggut.sms.integration.StudentIntegrationTest" time="0.003"/>
  <testcase name="duplicateEmailConflicts" classname="com.turggut.sms.integration.StudentIntegrationTest" time="0.281">
    <system-out><![CDATA[2026-06-02 15:26:05.446 [main] INFO  [bb7f58b5-0497-491f-9066-cefa9fd719b8] [admin] c.t.s.r.service.AuditLogService - AUDIT action=STUDENT_CREATE entity=Student:29 actor=admin status=SUCCESS
]]></system-out>
  </testcase>
  <testcase name="activateDeactivateTogglesStatus" classname="com.turggut.sms.integration.StudentIntegrationTest" time="0.286">
    <system-out><![CDATA[2026-06-02 15:26:05.718 [main] INFO  [29196e35-cae7-4fbc-9320-cf455d4668a0] [admin] c.t.s.r.service.AuditLogService - AUDIT action=STUDENT_CREATE entity=Student:30 actor=admin status=SUCCESS
2026-06-02 15:26:05.724 [main] INFO  [a8ea65fc-9809-4da9-9d01-97fe1d85a915] [admin] c.t.s.r.service.AuditLogService - AUDIT action=STUDENT_DEACTIVATE entity=Student:30 actor=admin status=SUCCESS
2026-06-02 15:26:05.735 [main] INFO  [341cf4f3-37d7-4ce1-b38a-727129bc8a0e] [admin] c.t.s.r.service.AuditLogService - AUDIT action=STUDENT_ACTIVATE entity=Student:30 actor=admin status=SUCCESS
]]></system-out>
  </testcase>
  <testcase name="searchReturnsPage" classname="com.turggut.sms.integration.StudentIntegrationTest" time="0.289">
    <system-out><![CDATA[2026-06-02 15:26:06.015 [main] INFO  [8bf726fc-41b8-43e2-af2e-a475a61f7807] [admin] c.t.s.r.service.AuditLogService - AUDIT action=STUDENT_CREATE entity=Student:31 actor=admin status=SUCCESS
]]></system-out>
  </testcase>
  <testcase name="createWithoutPasswordGeneratesOne" classname="com.turggut.sms.integration.StudentIntegrationTest" time="0.258">
    <system-out><![CDATA[2026-06-02 15:26:06.288 [main] INFO  [fcb8318d-f90b-4f2d-b522-079df28d1405] [admin] c.t.s.r.service.AuditLogService - AUDIT action=STUDENT_CREATE entity=Student:32 actor=admin status=SUCCESS
]]></system-out>
  </testcase>
  <testcase name="studentCannotAccessAdminEndpoint" classname="com.turggut.sms.integration.StudentIntegrationTest" time="0.508">
    <system-out><![CDATA[2026-06-02 15:26:06.548 [main] INFO  [e1df34f9-fbbc-4c2f-8baf-2cec4639e776] [admin] c.t.s.r.service.AuditLogService - AUDIT action=STUDENT_CREATE entity=Student:33 actor=admin status=SUCCESS
2026-06-02 15:26:06.792 [main] INFO  [7998d86f-c620-4ee1-82ee-80bb5e5b0412] [anon] c.t.s.r.service.AuditLogService - AUDIT action=LOGIN entity=User:st-forbid actor=anonymous status=SUCCESS
2026-06-02 15:26:06.792 [main] INFO  [7998d86f-c620-4ee1-82ee-80bb5e5b0412] [anon] c.t.sms.iam.service.AuthService - User 'st-forbid' logged in
]]></system-out>
  </testcase>
</testsuite>