<?xml version="1.0" encoding="UTF-8"?>
<testsuite xmlns:xsi="http://www.w3.org/2001/XMLSchema-instance" xsi:noNamespaceSchemaLocation="https://maven.apache.org/surefire/maven-surefire-plugin/xsd/surefire-test-report.xsd" version="3.0.2" name="com.turggut.sms.integration.CourseIntegrationTest" time="1.929" tests="8" errors="0" skipped="0" failures="0">
  <properties>
[...]
</properties>
  <testcase name="teacherCoursesEndpoint" classname="com.turggut.sms.integration.CourseIntegrationTest" time="0.387">
    <system-out><![CDATA[2026-06-02 15:25:56.682 [main] INFO  [] [anon] o.s.t.c.s.AnnotationConfigContextLoaderUtils - Could not detect default configuration classes for test class [com.turggut.sms.integration.CourseIntegrationTest]: CourseIntegrationTest does not declare any static, non-private, non-final, nested classes annotated with @Configuration.
2026-06-02 15:25:56.685 [main] INFO  [] [anon] o.s.b.t.c.SpringBootTestContextBootstrapper - Found @SpringBootConfiguration com.turggut.sms.SmsApplication for test class com.turggut.sms.integration.CourseIntegrationTest
2026-06-02 15:25:56.996 [main] INFO  [733bad25-de3f-48a6-8ec8-8b7f07e88a4c] [admin] c.t.s.r.service.AuditLogService - AUDIT action=TEACHER_CREATE entity=Teacher:1 actor=admin status=SUCCESS
2026-06-02 15:25:57.029 [main] INFO  [4e4aa859-88b0-4aea-ac2a-b96f3192f79f] [admin] c.t.s.r.service.AuditLogService - AUDIT action=COURSE_CREATE entity=Course:1 actor=admin status=SUCCESS
]]></system-out>
  </testcase>
  <testcase name="authenticatedUserCanListCourses" classname="com.turggut.sms.integration.CourseIntegrationTest" time="0.588">
    <system-out><![CDATA[2026-06-02 15:25:57.087 [main] INFO  [cdfedad1-cd42-4c95-8f58-6a89bb8ae144] [admin] c.t.s.r.service.AuditLogService - AUDIT action=COURSE_CREATE entity=Course:2 actor=admin status=SUCCESS
2026-06-02 15:25:57.350 [main] INFO  [238342fd-2f0e-4b3e-8fe5-ead10fb7d382] [admin] c.t.s.r.service.AuditLogService - AUDIT action=STUDENT_CREATE entity=Student:10 actor=admin status=SUCCESS
2026-06-02 15:25:57.607 [main] INFO  [c73fd378-a65f-4e0e-a7dc-37484f3bf139] [anon] c.t.s.r.service.AuditLogService - AUDIT action=LOGIN entity=User:st-crslist actor=anonymous status=SUCCESS
2026-06-02 15:25:57.607 [main] INFO  [c73fd378-a65f-4e0e-a7dc-37484f3bf139] [anon] c.t.sms.iam.service.AuthService - User 'st-crslist' logged in
]]></system-out>
  </testcase>
  <testcase name="createGetUpdateDeleteFlow" classname="com.turggut.sms.integration.CourseIntegrationTest" time="0.057">
    <system-out><![CDATA[2026-06-02 15:25:57.676 [main] INFO  [034578f0-199b-4642-9f0f-84b613ccc721] [admin] c.t.s.r.service.AuditLogService - AUDIT action=COURSE_CREATE entity=Course:3 actor=admin status=SUCCESS
2026-06-02 15:25:57.693 [main] INFO  [00651ef6-20bf-4b4d-a193-9968f71824a5] [admin] c.t.s.r.service.AuditLogService - AUDIT action=COURSE_UPDATE entity=Course:3 actor=admin status=SUCCESS
2026-06-02 15:25:57.707 [main] INFO  [3ab7b1b7-26b3-4579-90ac-25297792cd77] [admin] c.t.s.r.service.AuditLogService - AUDIT action=COURSE_DELETE entity=Course:3 actor=admin status=SUCCESS
]]></system-out>
  </testcase>
  <testcase name="createWithTeacherAndLowercaseCodeIsUppercased" classname="com.turggut.sms.integration.CourseIntegrationTest" time="0.284">
    <system-out><![CDATA[2026-06-02 15:25:57.993 [main] INFO  [edadff2e-5b8a-43d6-854f-93d91f3df38a] [admin] c.t.s.r.service.AuditLogService - AUDIT action=TEACHER_CREATE entity=Teacher:2 actor=admin status=SUCCESS
2026-06-02 15:25:58.003 [main] INFO  [fc938520-0a27-4080-b0a7-0d6f2083434a] [admin] c.t.s.r.service.AuditLogService - AUDIT action=COURSE_CREATE entity=Course:4 actor=admin status=SUCCESS
]]></system-out>
  </testcase>
  <testcase name="duplicateCodeConflicts" classname="com.turggut.sms.integration.CourseIntegrationTest" time="0.021">
    <system-out><![CDATA[2026-06-02 15:25:58.018 [main] INFO  [74a871d9-1561-4d46-a9fb-78679104472e] [admin] c.t.s.r.service.AuditLogService - AUDIT action=COURSE_CREATE entity=Course:5 actor=admin status=SUCCESS
]]></system-out>
  </testcase>
  <testcase name="assignTeacherToMissingCourseIs404" classname="com.turggut.sms.integration.CourseIntegrationTest" time="0.275">
    <system-out><![CDATA[2026-06-02 15:25:58.293 [main] INFO  [7a18e58d-0b1c-40d6-8df8-4e9e48355a28] [admin] c.t.s.r.service.AuditLogService - AUDIT action=TEACHER_CREATE entity=Teacher:3 actor=admin status=SUCCESS
]]></system-out>
  </testcase>
  <testcase name="createWithInvalidTeacherIsBadRequest" classname="com.turggut.sms.integration.CourseIntegrationTest" time="0.014"/>
  <testcase name="assignTeacherUpdatesCourse" classname="com.turggut.sms.integration.CourseIntegrationTest" time="0.288">
    <system-out><![CDATA[2026-06-02 15:25:58.330 [main] INFO  [8615b3cd-ddf0-423f-ab35-f788379dccb7] [admin] c.t.s.r.service.AuditLogService - AUDIT action=COURSE_CREATE entity=Course:6 actor=admin status=SUCCESS
2026-06-02 15:25:58.595 [main] INFO  [89d9cb5f-d398-4a17-bb9a-72de1ae4155c] [admin] c.t.s.r.service.AuditLogService - AUDIT action=TEACHER_CREATE entity=Teacher:4 actor=admin status=SUCCESS
2026-06-02 15:25:58.604 [main] INFO  [edf3d4c2-d607-4da7-a9d2-5f07d36e9c97] [admin] c.t.s.r.service.AuditLogService - AUDIT action=COURSE_ASSIGN_TEACHER entity=Course:6 actor=admin status=SUCCESS
]]></system-out>
  </testcase>
</testsuite>