<?xml version="1.0" encoding="UTF-8"?>
<testsuite xmlns:xsi="http://www.w3.org/2001/XMLSchema-instance" xsi:noNamespaceSchemaLocation="https://maven.apache.org/surefire/maven-surefire-plugin/xsd/surefire-test-report.xsd" version="3.0.2" name="com.turggut.sms.integration.AuthIntegrationTest" time="25.9" tests="16" errors="0" skipped="0" failures="0">
  <properties>
[...]
</properties>
  <testcase name="loginValidationRejectsBlankUsername" classname="com.turggut.sms.integration.AuthIntegrationTest" time="0.904">
    <system-out><![CDATA[15:25:31.184 [main] INFO org.springframework.test.context.support.AnnotationConfigContextLoaderUtils -- Could not detect default configuration classes for test class [com.turggut.sms.integration.AuthIntegrationTest]: AuthIntegrationTest does not declare any static, non-private, non-final, nested classes annotated with @Configuration.
15:25:31.508 [main] INFO org.springframework.boot.test.context.SpringBootTestContextBootstrapper -- Found @SpringBootConfiguration com.turggut.sms.SmsApplication for test class com.turggut.sms.integration.AuthIntegrationTest

  .   ____          _            __ _ _
 /\\ / ___'_ __ _ _(_)_ __  __ _ \ \ \ \
( ( )\___ | '_ | '_| | '_ \/ _` | \ \ \ \
 \\/  ___)| |_)| | | | | || (_| |  ) ) ) )
  '  |____| .__|_| |_|_| |_\__, | / / / /
 =========|_|==============|___/=/_/_/_/

 :: Spring Boot ::                (v3.4.0)

2026-06-02 15:25:32.615 [main] INFO  [] [anon] c.t.s.i.AuthIntegrationTest - Starting AuthIntegrationTest using Java 21.0.11 with PID 25192 (started by turgu in C:\Users\turgu\OneDrive\Masaüstü\OBS\OBS\OBS-project\backend)
2026-06-02 15:25:32.618 [main] DEBUG [] [anon] c.t.s.i.AuthIntegrationTest - Running with Spring Boot v3.4.0, Spring v6.2.0
2026-06-02 15:25:32.619 [main] INFO  [] [anon] c.t.s.i.AuthIntegrationTest - The following 1 profile is active: "test"
2026-06-02 15:25:35.126 [main] INFO  [] [anon] o.s.d.r.c.RepositoryConfigurationDelegate - Bootstrapping Spring Data JPA repositories in DEFAULT mode.
2026-06-02 15:25:35.292 [main] INFO  [] [anon] o.s.d.r.c.RepositoryConfigurationDelegate - Finished Spring Data repository scanning in 145 ms. Found 8 JPA repository interfaces.
2026-06-02 15:25:36.760 [main] INFO  [] [anon] o.h.jpa.internal.util.LogHelper - HHH000204: Processing PersistenceUnitInfo [name: default]
2026-06-02 15:25:36.867 [main] INFO  [] [anon] org.hibernate.Version - HHH000412: Hibernate ORM core version 6.6.2.Final
2026-06-02 15:25:36.929 [main] INFO  [] [anon] o.h.c.i.RegionFactoryInitiator - HHH000026: Second-level cache disabled
2026-06-02 15:25:37.473 [main] INFO  [] [anon] o.s.o.j.p.SpringPersistenceUnitInfo - No LoadTimeWeaver setup: ignoring JPA class transformer
2026-06-02 15:25:37.531 [main] INFO  [] [anon] com.zaxxer.hikari.HikariDataSource - HikariPool-1 - Starting...
2026-06-02 15:25:38.034 [main] INFO  [] [anon] com.zaxxer.hikari.pool.HikariPool - HikariPool-1 - Added connection conn0: url=jdbc:h2:mem:smsTest user=SA
2026-06-02 15:25:38.036 [main] INFO  [] [anon] com.zaxxer.hikari.HikariDataSource - HikariPool-1 - Start completed.
2026-06-02 15:25:38.080 [main] WARN  [] [anon] org.hibernate.dialect.Dialect - HHH000511: The 2.3.232 version for [org.hibernate.dialect.PostgreSQLDialect] is no longer supported, hence certain features may not work properly. The minimum supported version is 12.0.0. Check the community dialects project for available legacy versions.
2026-06-02 15:25:38.089 [main] WARN  [] [anon] org.hibernate.orm.deprecation - HHH90000025: PostgreSQLDialect does not need to be specified explicitly using 'hibernate.dialect' (remove the property setting and it will be selected by default)
2026-06-02 15:25:38.125 [main] INFO  [] [anon] o.hibernate.orm.connections.pooling - HHH10001005: Database info:
	Database JDBC URL [Connecting through datasource 'HikariDataSource (HikariPool-1)']
	Database driver: undefined/unknown
	Database version: 2.3.232
	Autocommit mode: undefined/unknown
	Isolation level: undefined/unknown
	Minimum pool size: undefined/unknown
	Maximum pool size: undefined/unknown
2026-06-02 15:25:40.229 [main] INFO  [] [anon] o.h.e.t.j.p.i.JtaPlatformInitiator - HHH000489: No JTA platform available (set 'hibernate.transaction.jta.platform' to enable JTA platform integration)
2026-06-02 15:25:40.358 [main] INFO  [] [anon] o.s.o.j.LocalContainerEntityManagerFactoryBean - Initialized JPA EntityManagerFactory for persistence unit 'default'
2026-06-02 15:25:40.984 [main] INFO  [] [anon] o.s.d.j.r.query.QueryEnhancerFactory - Hibernate is in classpath; If applicable, HQL parser will be used.
2026-06-02 15:25:43.579 [main] INFO  [] [anon] o.s.s.c.a.a.c.InitializeAuthenticationProviderBeanManagerConfigurer$InitializeAuthenticationProviderManagerConfigurer - Global AuthenticationManager configured with AuthenticationProvider bean with name authenticationProvider
2026-06-02 15:25:43.580 [main] WARN  [] [anon] o.s.s.c.a.a.c.InitializeUserDetailsBeanManagerConfigurer$InitializeUserDetailsManagerConfigurer - Global AuthenticationManager configured with an AuthenticationProvider bean. UserDetailsService beans will not be used by Spring Security for automatically configuring username/password login. Consider removing the AuthenticationProvider bean. Alternatively, consider using the UserDetailsService in a manually instantiated DaoAuthenticationProvider. If the current configuration is intentional, to turn off this warning, increase the logging level of 'org.springframework.security.config.annotation.authentication.configuration.InitializeUserDetailsBeanManagerConfigurer' to ERROR
2026-06-02 15:25:44.965 [main] INFO  [] [anon] o.s.b.a.e.web.EndpointLinksResolver - Exposing 3 endpoints beneath base path '/actuator'
2026-06-02 15:25:46.043 [main] DEBUG [] [anon] c.t.s.s.security.RequestIdFilter - Filter 'requestIdFilter' configured for use
2026-06-02 15:25:46.043 [main] DEBUG [] [anon] c.t.s.s.s.JwtAuthenticationFilter - Filter 'jwtAuthenticationFilter' configured for use
2026-06-02 15:25:46.043 [main] DEBUG [] [anon] c.t.s.s.security.RateLimitingFilter - Filter 'rateLimitingFilter' configured for use
2026-06-02 15:25:46.044 [main] INFO  [] [anon] o.s.b.t.m.w.SpringBootMockServletContext - Initializing Spring TestDispatcherServlet ''
2026-06-02 15:25:46.045 [main] INFO  [] [anon] o.s.t.w.s.TestDispatcherServlet - Initializing Servlet ''
2026-06-02 15:25:46.046 [main] INFO  [] [anon] o.s.t.w.s.TestDispatcherServlet - Completed initialization in 1 ms
2026-06-02 15:25:46.182 [main] INFO  [] [anon] c.t.s.i.AuthIntegrationTest - Started AuthIntegrationTest in 14.337 seconds (process running for 17.443)
2026-06-02 15:25:46.945 [main] WARN  [] [anon] c.t.sms.shared.config.Bootstrap - Bootstrap admin 'admin' created. CHANGE THE PASSWORD AFTER FIRST LOGIN.
]]></system-out>
    <system-err><![CDATA[Mockito is currently self-attaching to enable the inline-mock-maker. This will no longer work in future releases of the JDK. Please add Mockito as an agent to your build what is described in Mockito's documentation: https://javadoc.io/doc/org.mockito/mockito-core/latest/org/mockito/Mockito.html#0.3
WARNING: A Java agent has been loaded dynamically (C:\Users\turgu\.m2\repository\net\bytebuddy\byte-buddy-agent\1.15.10\byte-buddy-agent-1.15.10.jar)
WARNING: If a serviceability tool is in use, please run with -XX:+EnableDynamicAgentLoading to hide this warning
WARNING: If a serviceability tool is not in use, please run with -Djdk.instrument.traceUsage for more information
WARNING: Dynamic loading of agents will be disallowed by default in a future release
]]></system-err>
  </testcase>
  <testcase name="loginFailsForWrongPassword" classname="com.turggut.sms.integration.AuthIntegrationTest" time="1.101">
    <system-out><![CDATA[2026-06-02 15:25:48.247 [main] INFO  [0f1baf28-c74b-4b15-84b8-503a588b4c0e] [anon] c.t.s.r.service.AuditLogService - AUDIT action=LOGIN entity=User:admin actor=anonymous status=SUCCESS
2026-06-02 15:25:48.247 [main] INFO  [0f1baf28-c74b-4b15-84b8-503a588b4c0e] [anon] c.t.sms.iam.service.AuthService - User 'admin' logged in
2026-06-02 15:25:48.694 [main] INFO  [0db61244-a7a0-4d19-bd62-45b29c4d9a91] [admin] c.t.s.r.service.AuditLogService - AUDIT action=STUDENT_CREATE entity=Student:1 actor=admin status=SUCCESS
2026-06-02 15:25:48.955 [main] INFO  [6dc7bf91-c8e5-4a40-9381-68b53ac436b8] [anon] c.t.s.r.service.AuditLogService - AUDIT action=LOGIN entity=User:s-auth-1 actor=anonymous status=FAILURE
]]></system-out>
  </testcase>
  <testcase name="meRequiresAuthentication" classname="com.turggut.sms.integration.AuthIntegrationTest" time="0.014"/>
  <testcase name="logoutAllRevokesEverySession" classname="com.turggut.sms.integration.AuthIntegrationTest" time="0.918">
    <system-out><![CDATA[2026-06-02 15:25:49.280 [main] INFO  [fe32839a-e1d5-473f-a855-2f09f91f3fe1] [admin] c.t.s.r.service.AuditLogService - AUDIT action=STUDENT_CREATE entity=Student:2 actor=admin status=SUCCESS
2026-06-02 15:25:49.573 [main] INFO  [5e4ec372-d436-4e24-a901-d277e5465495] [anon] c.t.s.r.service.AuditLogService - AUDIT action=LOGIN entity=User:s-logoutall actor=anonymous status=SUCCESS
2026-06-02 15:25:49.573 [main] INFO  [5e4ec372-d436-4e24-a901-d277e5465495] [anon] c.t.sms.iam.service.AuthService - User 's-logoutall' logged in
2026-06-02 15:25:49.840 [main] INFO  [3ab1aa8c-9dec-4a80-bd06-ce38e1853a67] [anon] c.t.s.r.service.AuditLogService - AUDIT action=LOGIN entity=User:s-logoutall actor=anonymous status=SUCCESS
2026-06-02 15:25:49.841 [main] INFO  [3ab1aa8c-9dec-4a80-bd06-ce38e1853a67] [anon] c.t.sms.iam.service.AuthService - User 's-logoutall' logged in
2026-06-02 15:25:49.867 [main] INFO  [ed347944-bddb-47a0-b602-e320b843fe24] [s-logoutall] c.t.s.r.service.AuditLogService - AUDIT action=LOGOUT_ALL entity=User:3 actor=s-logoutall status=SUCCESS
2026-06-02 15:25:49.892 [main] INFO  [1fc29c64-000f-4818-aee5-923c6d34c728] [anon] c.t.s.r.service.AuditLogService - AUDIT action=REFRESH entity=User:s-logoutall actor=anonymous status=FAILURE
]]></system-out>
  </testcase>
  <testcase name="meReturnsCurrentUser" classname="com.turggut.sms.integration.AuthIntegrationTest" time="0.074"/>
  <testcase name="disabledAccountCannotLogin" classname="com.turggut.sms.integration.AuthIntegrationTest" time="0.307">
    <system-out><![CDATA[2026-06-02 15:25:50.253 [main] INFO  [6cea9b35-e165-4ff4-a894-9eaf14b7d30e] [admin] c.t.s.r.service.AuditLogService - AUDIT action=STUDENT_CREATE entity=Student:3 actor=admin status=SUCCESS
2026-06-02 15:25:50.267 [main] INFO  [8abbbe72-0a47-430a-bb41-1b9b9d475c0c] [admin] c.t.s.r.service.AuditLogService - AUDIT action=STUDENT_DEACTIVATE entity=Student:3 actor=admin status=SUCCESS
2026-06-02 15:25:50.276 [main] INFO  [3076eb61-d2b0-4df9-b84a-b9a9d8451c2f] [anon] c.t.s.r.service.AuditLogService - AUDIT action=LOGIN entity=User:s-disabled actor=anonymous status=FAILURE
]]></system-out>
  </testcase>
  <testcase name="repeatedWrongPasswordLocksAccount" classname="com.turggut.sms.integration.AuthIntegrationTest" time="1.662">
    <system-out><![CDATA[2026-06-02 15:25:50.559 [main] INFO  [8bdfb813-5ccc-4b23-b604-c2c2e3844a80] [admin] c.t.s.r.service.AuditLogService - AUDIT action=STUDENT_CREATE entity=Student:4 actor=admin status=SUCCESS
2026-06-02 15:25:50.807 [main] INFO  [43c54186-dc5a-4f96-b992-b2cf1bfecc77] [anon] c.t.s.r.service.AuditLogService - AUDIT action=LOGIN entity=User:s-lock actor=anonymous status=FAILURE
2026-06-02 15:25:51.071 [main] INFO  [93db287d-6480-4485-b2d6-a01cc425039d] [anon] c.t.s.r.service.AuditLogService - AUDIT action=LOGIN entity=User:s-lock actor=anonymous status=FAILURE
2026-06-02 15:25:51.339 [main] INFO  [9ee64b81-6850-4f1b-9875-9c0ed3f3be9d] [anon] c.t.s.r.service.AuditLogService - AUDIT action=LOGIN entity=User:s-lock actor=anonymous status=FAILURE
2026-06-02 15:25:51.620 [main] INFO  [dbe04802-7307-42d2-bb3e-b863b799e779] [anon] c.t.s.r.service.AuditLogService - AUDIT action=LOGIN entity=User:s-lock actor=anonymous status=FAILURE
2026-06-02 15:25:51.922 [main] WARN  [2e155970-ab8f-45bb-8444-740e62a94657] [anon] c.t.s.i.service.AuthSecurityService - User 's-lock' locked after 5 failed attempts
2026-06-02 15:25:51.927 [main] INFO  [2e155970-ab8f-45bb-8444-740e62a94657] [anon] c.t.s.r.service.AuditLogService - AUDIT action=LOGIN entity=User:s-lock actor=anonymous status=FAILURE
2026-06-02 15:25:51.937 [main] INFO  [4c3a639e-8df2-4fc7-ae23-645be1d20bdc] [anon] c.t.s.r.service.AuditLogService - AUDIT action=LOGIN entity=User:s-lock actor=anonymous status=FAILURE
]]></system-out>
  </testcase>
  <testcase name="refreshWithUnknownTokenFails" classname="com.turggut.sms.integration.AuthIntegrationTest" time="0.017"/>
  <testcase name="loginFailsForUnknownUser" classname="com.turggut.sms.integration.AuthIntegrationTest" time="0.017">
    <system-out><![CDATA[2026-06-02 15:25:51.974 [main] INFO  [3112a0ac-2f46-4a15-a480-78aab97da15d] [anon] c.t.s.r.service.AuditLogService - AUDIT action=LOGIN entity=User:ghost actor=anonymous status=FAILURE
]]></system-out>
  </testcase>
  <testcase name="refreshRotatesTokenAndReuseRevokesAll" classname="com.turggut.sms.integration.AuthIntegrationTest" time="0.564">
    <system-out><![CDATA[2026-06-02 15:25:52.251 [main] INFO  [edc767a3-d460-4827-a8ec-dbc9a2c40ca6] [admin] c.t.s.r.service.AuditLogService - AUDIT action=STUDENT_CREATE entity=Student:5 actor=admin status=SUCCESS
2026-06-02 15:25:52.493 [main] INFO  [2608092a-92a4-433c-863a-8e7b088765a5] [anon] c.t.s.r.service.AuditLogService - AUDIT action=LOGIN entity=User:s-refresh actor=anonymous status=SUCCESS
2026-06-02 15:25:52.493 [main] INFO  [2608092a-92a4-433c-863a-8e7b088765a5] [anon] c.t.sms.iam.service.AuthService - User 's-refresh' logged in
2026-06-02 15:25:52.507 [main] INFO  [5e68e709-f1e3-4f4b-967e-1dd33ebe794f] [anon] c.t.s.r.service.AuditLogService - AUDIT action=REFRESH entity=User:s-refresh actor=anonymous status=SUCCESS
2026-06-02 15:25:52.522 [main] INFO  [4dbbbc9b-160a-435f-986e-adda4cc6f52e] [anon] c.t.s.r.service.AuditLogService - AUDIT action=REFRESH entity=User:s-refresh actor=anonymous status=FAILURE
2026-06-02 15:25:52.537 [main] INFO  [9e09dcf1-2357-4a4f-92fe-5e356fc79df8] [anon] c.t.s.r.service.AuditLogService - AUDIT action=REFRESH entity=User:s-refresh actor=anonymous status=FAILURE
]]></system-out>
  </testcase>
  <testcase name="changePasswordRejectsWrongCurrentPassword" classname="com.turggut.sms.integration.AuthIntegrationTest" time="0.814">
    <system-out><![CDATA[2026-06-02 15:25:52.846 [main] INFO  [34878f33-0557-4f58-a627-57f84be89f63] [admin] c.t.s.r.service.AuditLogService - AUDIT action=STUDENT_CREATE entity=Student:6 actor=admin status=SUCCESS
2026-06-02 15:25:53.102 [main] INFO  [7ed5914f-97b2-423b-98ad-71901f19c1e1] [anon] c.t.s.r.service.AuditLogService - AUDIT action=LOGIN entity=User:s-chpw2 actor=anonymous status=SUCCESS
2026-06-02 15:25:53.102 [main] INFO  [7ed5914f-97b2-423b-98ad-71901f19c1e1] [anon] c.t.sms.iam.service.AuthService - User 's-chpw2' logged in
2026-06-02 15:25:53.356 [main] INFO  [7d16ae26-8f6c-4096-9615-94f084e59d23] [s-chpw2] c.t.s.r.service.AuditLogService - AUDIT action=PASSWORD_CHANGE entity=User:s-chpw2 actor=s-chpw2 status=FAILURE
]]></system-out>
  </testcase>
  <testcase name="changePasswordSucceedsThenOldPasswordFails" classname="com.turggut.sms.integration.AuthIntegrationTest" time="1.621">
    <system-out><![CDATA[2026-06-02 15:25:53.617 [main] INFO  [27504f77-e39e-44ef-b6ed-0b63bbdd9418] [admin] c.t.s.r.service.AuditLogService - AUDIT action=STUDENT_CREATE entity=Student:7 actor=admin status=SUCCESS
2026-06-02 15:25:53.889 [main] INFO  [5ada6a70-4547-4332-b273-b330289e064f] [anon] c.t.s.r.service.AuditLogService - AUDIT action=LOGIN entity=User:s-chpw actor=anonymous status=SUCCESS
2026-06-02 15:25:53.889 [main] INFO  [5ada6a70-4547-4332-b273-b330289e064f] [anon] c.t.sms.iam.service.AuthService - User 's-chpw' logged in
2026-06-02 15:25:54.425 [main] INFO  [6b90d8e7-e4e1-402f-9e1a-f6d6de35253a] [s-chpw] c.t.s.r.service.AuditLogService - AUDIT action=PASSWORD_CHANGE entity=User:s-chpw actor=s-chpw status=SUCCESS
2026-06-02 15:25:54.727 [main] INFO  [f0898d5b-6cda-43ba-a62a-d59948b4ca3d] [anon] c.t.s.r.service.AuditLogService - AUDIT action=LOGIN entity=User:s-chpw actor=anonymous status=FAILURE
2026-06-02 15:25:54.976 [main] INFO  [1c2ee57f-a666-49a8-8d90-20fdbf33ed6f] [anon] c.t.s.r.service.AuditLogService - AUDIT action=LOGIN entity=User:s-chpw actor=anonymous status=SUCCESS
2026-06-02 15:25:54.976 [main] INFO  [1c2ee57f-a666-49a8-8d90-20fdbf33ed6f] [anon] c.t.sms.iam.service.AuthService - User 's-chpw' logged in
]]></system-out>
  </testcase>
  <testcase name="logoutRevokesRefreshToken" classname="com.turggut.sms.integration.AuthIntegrationTest" time="0.537">
    <system-out><![CDATA[2026-06-02 15:25:55.244 [main] INFO  [b0f29d38-822f-467b-8707-eb17be0ec8d4] [admin] c.t.s.r.service.AuditLogService - AUDIT action=STUDENT_CREATE entity=Student:8 actor=admin status=SUCCESS
2026-06-02 15:25:55.487 [main] INFO  [7491c049-4d84-412f-80c4-dc4b2a6b3c33] [anon] c.t.s.r.service.AuditLogService - AUDIT action=LOGIN entity=User:s-logout actor=anonymous status=SUCCESS
2026-06-02 15:25:55.488 [main] INFO  [7491c049-4d84-412f-80c4-dc4b2a6b3c33] [anon] c.t.sms.iam.service.AuthService - User 's-logout' logged in
2026-06-02 15:25:55.504 [main] INFO  [a1664fd1-98aa-40c5-8e68-eb5204b4d0cf] [s-logout] c.t.s.r.service.AuditLogService - AUDIT action=LOGOUT entity=User:s-logout actor=s-logout status=SUCCESS
2026-06-02 15:25:55.515 [main] INFO  [0c6295be-bd97-4bfe-8745-996da61b9a98] [anon] c.t.s.r.service.AuditLogService - AUDIT action=REFRESH entity=User:s-logout actor=anonymous status=FAILURE
]]></system-out>
  </testcase>
  <testcase name="changePasswordRejectsWeakPassword" classname="com.turggut.sms.integration.AuthIntegrationTest" time="0.892">
    <system-out><![CDATA[2026-06-02 15:25:55.835 [main] INFO  [50313281-8a56-4422-b1ad-7537da6000ef] [admin] c.t.s.r.service.AuditLogService - AUDIT action=STUDENT_CREATE entity=Student:9 actor=admin status=SUCCESS
2026-06-02 15:25:56.141 [main] INFO  [d7c276c8-a7c0-4cab-8bff-8e47a7b8dbe5] [anon] c.t.s.r.service.AuditLogService - AUDIT action=LOGIN entity=User:s-chpw3 actor=anonymous status=SUCCESS
2026-06-02 15:25:56.141 [main] INFO  [d7c276c8-a7c0-4cab-8bff-8e47a7b8dbe5] [anon] c.t.sms.iam.service.AuthService - User 's-chpw3' logged in
]]></system-out>
  </testcase>
  <testcase name="logoutWithoutBodyIsNoOp" classname="com.turggut.sms.integration.AuthIntegrationTest" time="0.011"/>
  <testcase name="loginSucceedsForAdmin" classname="com.turggut.sms.integration.AuthIntegrationTest" time="0.251">
    <system-out><![CDATA[2026-06-02 15:25:56.671 [main] INFO  [428ef74a-54ec-47df-86e6-65f3006b8a1c] [anon] c.t.s.r.service.AuditLogService - AUDIT action=LOGIN entity=User:admin actor=anonymous status=SUCCESS
2026-06-02 15:25:56.671 [main] INFO  [428ef74a-54ec-47df-86e6-65f3006b8a1c] [anon] c.t.sms.iam.service.AuthService - User 'admin' logged in
]]></system-out>
  </testcase>
</testsuite>